{"@timestamp":"2025-08-26T06:48:49.848007244Z","@version":"1","level":"INFO","logger_name":"com.hackathon.realtimelearderboard.RealTimeLearderboardApplication","message":"Starting RealTimeLearderboardApplication using Java 17.0.16 with PID 4126 (/home/runner/work/backend-projects/backend-projects/real-time-learderboard/target/classes started by runner in /home/runner/work/backend-projects/backend-projects/real-time-learderboard)"}
{"@timestamp":"2025-08-26T06:48:49.849389971Z","@version":"1","level":"DEBUG","logger_name":"com.hackathon.realtimelearderboard.RealTimeLearderboardApplication","message":"Running with Spring Boot v3.5.5, Spring v6.2.10"}
{"@timestamp":"2025-08-26T06:48:49.850049359Z","@version":"1","level":"INFO","logger_name":"com.hackathon.realtimelearderboard.RealTimeLearderboardApplication","message":"No active profile set, falling back to 1 default profile: \"default\""}
{"@timestamp":"2025-08-26T06:48:52.837722959Z","@version":"1","level":"DEBUG","logger_name":"org.springframework.data.redis.listener.RedisMessageListenerContainer","message":"Starting RedisMessageListenerContainer..."}
{"@timestamp":"2025-08-26T06:48:52.838223922Z","@version":"1","level":"DEBUG","logger_name":"org.springframework.data.redis.listener.RedisMessageListenerContainer","message":"Postpone listening for Redis messages until actual listeners are added"}
{"@timestamp":"2025-08-26T06:48:52.850993254Z","@version":"1","level":"INFO","logger_name":"com.hackathon.realtimelearderboard.RealTimeLearderboardApplication","message":"Started RealTimeLearderboardApplication in 3.556 seconds (process running for 3.831)"}
{"@timestamp":"2025-08-26T06:49:15.578200774Z","@version":"1","level":"DEBUG","logger_name":"org.springframework.data.redis.core.RedisConnectionUtils","message":"Fetching Redis Connection from RedisConnectionFactory"}
{"@timestamp":"2025-08-26T06:49:16.160852631Z","@version":"1","level":"DEBUG","logger_name":"org.springframework.data.redis.core.RedisConnectionUtils","message":"Fetching Redis Connection from RedisConnectionFactory"}
{"@timestamp":"2025-08-26T06:49:16.177502544Z","@version":"1","level":"DEBUG","logger_name":"org.springframework.data.redis.core.RedisConnectionUtils","message":"Fetching Redis Connection from RedisConnectionFactory"}
{"@timestamp":"2025-08-26T06:49:16.181134923Z","@version":"1","level":"DEBUG","logger_name":"org.springframework.data.redis.core.RedisConnectionUtils","message":"Fetching Redis Connection from RedisConnectionFactory"}
{"@timestamp":"2025-08-26T06:49:21.898200599Z","@version":"1","level":"DEBUG","logger_name":"org.springframework.data.redis.core.RedisConnectionUtils","message":"Fetching Redis Connection from RedisConnectionFactory"}
{"@timestamp":"2025-08-26T06:49:21.900259448Z","@version":"1","level":"DEBUG","logger_name":"org.springframework.data.redis.core.RedisConnectionUtils","message":"Fetching Redis Connection from RedisConnectionFactory"}
{"@timestamp":"2025-08-26T06:49:21.904650804Z","@version":"1","level":"DEBUG","logger_name":"org.springframework.data.redis.core.RedisConnectionUtils","message":"Fetching Redis Connection from RedisConnectionFactory"}
{"@timestamp":"2025-08-26T06:49:21.90638716Z","@version":"1","level":"DEBUG","logger_name":"org.springframework.data.redis.core.RedisConnectionUtils","message":"Fetching Redis Connection from RedisConnectionFactory"}
{"@timestamp":"2025-08-26T06:49:36.632274613Z","@version":"1","level":"DEBUG","logger_name":"org.springframework.data.redis.core.RedisConnectionUtils","message":"Fetching Redis Connection from RedisConnectionFactory"}
{"@timestamp":"2025-08-26T06:49:36.634271656Z","@version":"1","level":"DEBUG","logger_name":"org.springframework.data.redis.core.RedisConnectionUtils","message":"Fetching Redis Connection from RedisConnectionFactory"}
{"@timestamp":"2025-08-26T06:49:36.638027284Z","@version":"1","level":"DEBUG","logger_name":"org.springframework.data.redis.core.RedisConnectionUtils","message":"Fetching Redis Connection from RedisConnectionFactory"}
{"@timestamp":"2025-08-26T06:49:36.639336513Z","@version":"1","level":"DEBUG","logger_name":"org.springframework.data.redis.core.RedisConnectionUtils","message":"Fetching Redis Connection from RedisConnectionFactory"}
{"@timestamp":"2025-08-26T06:49:58.895343623Z","@version":"1","level":"DEBUG","logger_name":"org.springframework.data.redis.listener.RedisMessageListenerContainer","message":"Stopped RedisMessageListenerContainer"}
{"@timestamp":"2025-08-26T06:50:08.382936205Z","@version":"1","level":"INFO","logger_name":"com.hackathon.realtimelearderboard.RealTimeLearderboardApplication","message":"Starting RealTimeLearderboardApplication using Java 17.0.16 with PID 4287 (/home/runner/work/backend-projects/backend-projects/real-time-learderboard/target/classes started by runner in /home/runner/work/backend-projects/backend-projects/real-time-learderboard)"}
{"@timestamp":"2025-08-26T06:50:08.384532039Z","@version":"1","level":"DEBUG","logger_name":"com.hackathon.realtimelearderboard.RealTimeLearderboardApplication","message":"Running with Spring Boot v3.5.5, Spring v6.2.10"}
{"@timestamp":"2025-08-26T06:50:08.385276918Z","@version":"1","level":"INFO","logger_name":"com.hackathon.realtimelearderboard.RealTimeLearderboardApplication","message":"No active profile set, falling back to 1 default profile: \"default\""}
{"@timestamp":"2025-08-26T06:50:10.066677449Z","@version":"1","level":"INFO","logger_name":"com.hackathon.realtimelearderboard.RealTimeLearderboardApplication","message":"Started RealTimeLearderboardApplication in 2.217 seconds (process running for 2.48)"}
{"@timestamp":"2025-08-26T06:50:35.010735594Z","@version":"1","level":"DEBUG","logger_name":"org.springframework.data.redis.core.RedisConnectionUtils","message":"Fetching Redis Connection from RedisConnectionFactory"}
{"@timestamp":"2025-08-26T06:50:35.219645234Z","@version":"1","level":"DEBUG","logger_name":"org.springframework.data.redis.core.RedisConnectionUtils","message":"Fetching Redis Connection from RedisConnectionFactory"}
{"@timestamp":"2025-08-26T06:50:35.230966159Z","@version":"1","level":"DEBUG","logger_name":"org.springframework.data.redis.core.RedisConnectionUtils","message":"Fetching Redis Connection from RedisConnectionFactory"}
{"@timestamp":"2025-08-26T06:50:35.23495254Z","@version":"1","level":"DEBUG","logger_name":"org.springframework.data.redis.core.RedisConnectionUtils","message":"Fetching Redis Connection from RedisConnectionFactory"}
{"@timestamp":"2025-08-26T06:51:18.08163525Z","@version":"1","level":"INFO","logger_name":"com.hackathon.realtimelearderboard.RealTimeLearderboardApplication","message":"Starting RealTimeLearderboardApplication using Java 17.0.16 with PID 4434 (/home/runner/work/backend-projects/backend-projects/real-time-learderboard/target/classes started by runner in /home/runner/work/backend-projects/backend-projects/real-time-learderboard)"}
{"@timestamp":"2025-08-26T06:51:18.08326041Z","@version":"1","level":"DEBUG","logger_name":"com.hackathon.realtimelearderboard.RealTimeLearderboardApplication","message":"Running with Spring Boot v3.5.5, Spring v6.2.10"}
{"@timestamp":"2025-08-26T06:51:18.083965314Z","@version":"1","level":"INFO","logger_name":"com.hackathon.realtimelearderboard.RealTimeLearderboardApplication","message":"No active profile set, falling back to 1 default profile: \"default\""}
{"@timestamp":"2025-08-26T06:51:19.855029141Z","@version":"1","level":"DEBUG","logger_name":"org.springframework.data.redis.listener.RedisMessageListenerContainer","message":"Starting RedisMessageListenerContainer..."}
{"@timestamp":"2025-08-26T06:51:19.855730579Z","@version":"1","level":"DEBUG","logger_name":"org.springframework.data.redis.listener.RedisMessageListenerContainer","message":"Postpone listening for Redis messages until actual listeners are added"}
{"@timestamp":"2025-08-26T06:51:19.868900321Z","@version":"1","level":"INFO","logger_name":"com.hackathon.realtimelearderboard.RealTimeLearderboardApplication","message":"Started RealTimeLearderboardApplication in 2.318 seconds (process running for 2.59)"}
{"@timestamp":"2025-08-26T06:52:07.680975779Z","@version":"1","level":"DEBUG","logger_name":"com.hackathon.realtimelearderboard.controller.LoggingTestController","message":"Health check endpoint called"}
{"@timestamp":"2025-08-26T06:52:17.100790112Z","@version":"1","level":"INFO","logger_name":"com.hackathon.realtimelearderboard.controller.LoggingTestController","endpoint":"/api/test/logging","requestId":"9f2ffc5c-85b6-4651-b162-aa81bc28a074","message":"Testing logging endpoint with level: DEBUG"}
{"@timestamp":"2025-08-26T06:52:17.101900583Z","@version":"1","level":"DEBUG","logger_name":"com.hackathon.realtimelearderboard.controller.LoggingTestController","endpoint":"/api/test/logging","requestId":"9f2ffc5c-85b6-4651-b162-aa81bc28a074","message":"This is a DEBUG level message for request: 9f2ffc5c-85b6-4651-b162-aa81bc28a074"}
{"@timestamp":"2025-08-26T06:52:17.102036005Z","@version":"1","level":"INFO","logger_name":"com.hackathon.realtimelearderboard.controller.LoggingTestController","endpoint":"/api/test/logging","requestId":"9f2ffc5c-85b6-4651-b162-aa81bc28a074","message":"Returning response for request: 9f2ffc5c-85b6-4651-b162-aa81bc28a074"}
{"@timestamp":"2025-08-26T06:52:24.29503084Z","@version":"1","level":"INFO","logger_name":"com.hackathon.realtimelearderboard.controller.LoggingTestController","endpoint":"/api/test/logging","requestId":"1c204d0e-f9b6-4605-a946-c7b89a8071e4","message":"Testing logging endpoint with level: ERROR"}
{"@timestamp":"2025-08-26T06:52:24.295220703Z","@version":"1","level":"ERROR","logger_name":"com.hackathon.realtimelearderboard.controller.LoggingTestController","endpoint":"/api/test/logging","requestId":"1c204d0e-f9b6-4605-a946-c7b89a8071e4","message":"This is an ERROR level message for request: 1c204d0e-f9b6-4605-a946-c7b89a8071e4"}
{"@timestamp":"2025-08-26T06:52:24.295287228Z","@version":"1","level":"INFO","logger_name":"com.hackathon.realtimelearderboard.controller.LoggingTestController","endpoint":"/api/test/logging","requestId":"1c204d0e-f9b6-4605-a946-c7b89a8071e4","message":"Returning response for request: 1c204d0e-f9b6-4605-a946-c7b89a8071e4"}
{"@timestamp":"2025-08-26T06:53:20.804315441Z","@version":"1","level":"DEBUG","logger_name":"org.springframework.data.redis.listener.RedisMessageListenerContainer","message":"Stopped RedisMessageListenerContainer"}
{"@timestamp":"2025-08-26T06:53:34.407947654Z","@version":"1","level":"INFO","logger_name":"com.hackathon.realtimelearderboard.RealTimeLearderboardApplicationTests","message":"Starting RealTimeLearderboardApplicationTests using Java 17.0.16 with PID 4623 (started by runner in /home/runner/work/backend-projects/backend-projects/real-time-learderboard)"}
{"@timestamp":"2025-08-26T06:53:34.409288925Z","@version":"1","level":"DEBUG","logger_name":"com.hackathon.realtimelearderboard.RealTimeLearderboardApplicationTests","message":"Running with Spring Boot v3.5.5, Spring v6.2.10"}
{"@timestamp":"2025-08-26T06:53:34.410399817Z","@version":"1","level":"INFO","logger_name":"com.hackathon.realtimelearderboard.RealTimeLearderboardApplicationTests","message":"No active profile set, falling back to 1 default profile: \"default\""}
{"@timestamp":"2025-08-26T06:53:36.599682183Z","@version":"1","level":"DEBUG","logger_name":"org.springframework.data.redis.listener.RedisMessageListenerContainer","message":"Starting RedisMessageListenerContainer..."}
{"@timestamp":"2025-08-26T06:53:36.600526457Z","@version":"1","level":"DEBUG","logger_name":"org.springframework.data.redis.listener.RedisMessageListenerContainer","message":"Postpone listening for Redis messages until actual listeners are added"}
{"@timestamp":"2025-08-26T06:53:36.621983007Z","@version":"1","level":"INFO","logger_name":"com.hackathon.realtimelearderboard.RealTimeLearderboardApplicationTests","message":"Started RealTimeLearderboardApplicationTests in 2.78 seconds (process running for 3.599)"}
{"@timestamp":"2025-08-26T06:53:37.430183239Z","@version":"1","level":"DEBUG","logger_name":"org.springframework.data.redis.listener.RedisMessageListenerContainer","message":"Stopped RedisMessageListenerContainer"}
