1754310570878:broadcast-server help
1754310575991:help
1754310592184:broadcast-server start help
1754310675695:broadcast-server connect help
1754310708695:help
1754310724300:exot
1754310725653:exit
1754313061462:help
1754313071540:clear
1754313079239:broadcast-server stop
1754313158066:help
1754313171117:broadcast-server start
1754313182406:broadcast-server connect
1754313211404:broadcast-server stop
1754313257069:broadcast-server start
1754313264722:broadcast-server connect
1754313342391:broadcast-server start
1754313356828:broadcast-server connect
1754313393071:broadcast-server start
1754314248874:broadcast-server stop
1754314812985:broadcast-server stats
1754315422522:help
1754315433184:broadcast-server start
1754315442072:broadcast-server conncet
1754315478915:broadcast-server start
1754315483863:broadcast-server connect
1754315511996:stop
1754315520687:broadcast-server stop
1754315561244:broadcast-server start
1754315565828:broadcast-server connect
1754315642188:broadcast-server stats
1754315648481:broadcast-server stop
